Arguments: 
  /usr/local/bin/node /usr/local/Cellar/yarn/1.22.5/libexec/bin/yarn.js workspace backend build

PATH: 
  /Users/jacobmitrani/.opam/4.06.1/bin:/opt/local/bin:/opt/local/sbin:/Applications/anaconda/bin:/usr/local/bin:/usr/bin:/bin:/usr/sbin:/sbin:/Library/Apple/usr/bin:/Users/jacobmitrani/opt/anaconda3/bin:/Users/jacobmitrani/opt/anaconda3/condabin:/Users/jacobmitrani/.opam/4.06.1/bin:/opt/local/bin:/opt/local/sbin:/Applications/anaconda/bin:/usr/texbin:/usr/texbin

Yarn version: 
  1.22.5

Node version: 
  12.18.3

Platform: 
  darwin x64

Trace: 
  SyntaxError: /Users/jacobmitrani/Desktop/WebDev/Supreme-Ice-Cream/backend/package.json: Unexpected token / in JSON at position 141
      at JSON.parse (<anonymous>)
      at /usr/local/Cellar/yarn/1.22.5/libexec/lib/cli.js:1625:59
      at Generator.next (<anonymous>)
      at step (/usr/local/Cellar/yarn/1.22.5/libexec/lib/cli.js:310:30)
      at /usr/local/Cellar/yarn/1.22.5/libexec/lib/cli.js:321:13

npm manifest: 
  {
    "name": "Supreme-Ice-Cream",
    "private": true,
    "workspaces": [
      "backend",
      "frontend"
    ],
    "version": "1.0.0",
    "main": "index.js",
    "repository": "y",
    "author": "Jacob Mitrani <jcm497@cornell.edu>",
    "license": "MIT"
  }

yarn manifest: 
  No manifest

Lockfile: 
  No lockfile
